#
# There is insufficient memory for the Java Runtime Environment to continue.
# Native memory allocation (mmap) failed to map 127926272 bytes for Failed to commit area from 0x0000000086a00000 to 0x000000008e400000 of length 127926272.
# Possible reasons:
#   The system is out of physical RAM or swap space
#   The process is running with CompressedOops enabled, and the Java Heap may be blocking the growth of the native heap
# Possible solutions:
#   Reduce memory load on the system
#   Increase physical memory or swap space
#   Check if swap backing store is full
#   Decrease Java heap size (-Xmx/-Xms)
#   Decrease number of Java threads
#   Decrease Java thread stack sizes (-Xss)
#   Set larger code cache with -XX:ReservedCodeCacheSize=
# This output file may be truncated or incomplete.
#
#  Out of Memory Error (t:/workspace/open/src/hotspot/os/windows/os_windows.cpp:3254), pid=9000, tid=16340
#
# JRE version:  (12.0.1+12) (build )
# Java VM: Java HotSpot(TM) 64-Bit Server VM (12.0.1+12, mixed mode, aot, sharing, tiered, compressed oops, g1 gc, windows-amd64)
# No core dump will be written. Minidumps are not enabled by default on client versions of Windows
#

---------------  S U M M A R Y ------------

Command Line: D:\ALevel hometasks\unit_5_oop\target\surefire\surefirebooter14749343808363833441.jar D:\ALevel hometasks\unit_5_oop\target\surefire\surefire5671337942241219938tmp D:\ALevel hometasks\unit_5_oop\target\surefire\surefire_03587537060685417260tmp

Host: Intel(R) Core(TM) i5-3210M CPU @ 2.50GHz, 4 cores, 7G,  Windows 10 , 64 bit Build 18362 (10.0.18362.1350)
Time: Thu Apr 15 22:34:44 2021 Oeieyiaey (eaoi) elapsed time: 0 seconds (0d 0h 0m 0s)

---------------  T H R E A D  ---------------

Current thread (0x0000018cc32c6000):  JavaThread "Unknown thread" [_thread_in_vm, id=16340, stack(0x000000141d300000,0x000000141d400000)]

Stack: [0x000000141d300000,0x000000141d400000]
Native frames: (J=compiled Java code, j=interpreted, Vv=VM code, C=native code)
V  [jvm.dll+0x63948a]
V  [jvm.dll+0x78b31f]
V  [jvm.dll+0x78c9c1]
V  [jvm.dll+0x78d013]
V  [jvm.dll+0x262138]
V  [jvm.dll+0x63698a]
V  [jvm.dll+0x62b505]
V  [jvm.dll+0x31d9bc]
V  [jvm.dll+0x31d7ef]
V  [jvm.dll+0x323526]
V  [jvm.dll+0x370f76]
V  [jvm.dll+0x370750]
V  [jvm.dll+0x2f786a]
V  [jvm.dll+0x2f8af2]
V  [jvm.dll+0x7657b7]
V  [jvm.dll+0x766e95]
V  [jvm.dll+0x37f089]
V  [jvm.dll+0x749b14]
V  [jvm.dll+0x3ee48d]
V  [jvm.dll+0x3f03c1]
C  [jli.dll+0x51cf]
C  [ucrtbase.dll+0x210b2]
C  [KERNEL32.DLL+0x17c24]
C  [ntdll.dll+0x6d721]


---------------  P R O C E S S  ---------------

Threads class SMR info:
_java_thread_list=0x00007ff90a7848e8, length=0, elements={
}

Java Threads: ( => current thread )

Other Threads:
  0x0000018cc3302000 GCTaskThread "GC Thread#0" [stack: 0x000000141d400000,0x000000141d500000] [id=14828]
  0x0000018cc3311800 ConcurrentGCThread "G1 Main Marker" [stack: 0x000000141d500000,0x000000141d600000] [id=10600]
  0x0000018cc3313800 ConcurrentGCThread "G1 Conc#0" [stack: 0x000000141d600000,0x000000141d700000] [id=7380]

[error occurred during error reporting (printing all threads), id 0xc0000005, EXCEPTION_ACCESS_VIOLATION (0xc0000005) at pc=0x00007ff909fb7a37]

VM state:not at safepoint (not fully initialized)

VM Mutex/Monitor currently owned by a thread:  ([mutex/lock_event])
[0x0000018cc32c29a0] Heap_lock - owner thread: 0x0000018cc32c6000

Heap address: 0x0000000086a00000, size: 1942 MB, Compressed Oops mode: Non-zero based: 0x0000000086a00000
Narrow klass base: 0x0000000000000000, Narrow klass shift: 0

GC Heap History (0 events):
No events

Deoptimization events (0 events):
No events

Classes redefined (0 events):
No events

Internal exceptions (0 events):
No events

Events (0 events):
No events


Dynamic libraries:
0x00007ff6fc190000 - 0x00007ff6fc19f000 	D:\Program Files\Java\jdk-12.0.1\bin\java.exe
0x00007ff94a260000 - 0x00007ff94a450000 	C:\WINDOWS\SYSTEM32\ntdll.dll
0x00007ff94a160000 - 0x00007ff94a212000 	C:\WINDOWS\System32\KERNEL32.DLL
0x00007ff947e30000 - 0x00007ff9480d5000 	C:\WINDOWS\System32\KERNELBASE.dll
0x00007ff9471e0000 - 0x00007ff9472da000 	C:\WINDOWS\System32\ucrtbase.dll
0x00007ff93f470000 - 0x00007ff93f488000 	D:\Program Files\Java\jdk-12.0.1\bin\jli.dll
0x00007ff949320000 - 0x00007ff9493c3000 	C:\WINDOWS\System32\ADVAPI32.dll
0x00007ff94a090000 - 0x00007ff94a12e000 	C:\WINDOWS\System32\msvcrt.dll
0x00007ff949d60000 - 0x00007ff949df7000 	C:\WINDOWS\System32\sechost.dll
0x00007ff9493d0000 - 0x00007ff9494ef000 	C:\WINDOWS\System32\RPCRT4.dll
0x00007ff949e00000 - 0x00007ff949f94000 	C:\WINDOWS\System32\USER32.dll
0x00007ff948140000 - 0x00007ff948161000 	C:\WINDOWS\System32\win32u.dll
0x00007ff949120000 - 0x00007ff949146000 	C:\WINDOWS\System32\GDI32.dll
0x00007ff948170000 - 0x00007ff948308000 	C:\WINDOWS\System32\gdi32full.dll
0x00007ff9474a0000 - 0x00007ff94753e000 	C:\WINDOWS\System32\msvcp_win.dll
0x00007ff93ed10000 - 0x00007ff93ed26000 	D:\Program Files\Java\jdk-12.0.1\bin\VCRUNTIME140.dll
0x00007ff936990000 - 0x00007ff936c14000 	C:\WINDOWS\WinSxS\amd64_microsoft.windows.common-controls_6595b64144ccf1df_6.0.18362.1379_none_9e7ff3b3e45cc0c4\COMCTL32.dll
0x00007ff949630000 - 0x00007ff949967000 	C:\WINDOWS\System32\combase.dll
0x00007ff947410000 - 0x00007ff947491000 	C:\WINDOWS\System32\bcryptPrimitives.dll
0x00007ff936440000 - 0x00007ff93644a000 	C:\WINDOWS\SYSTEM32\VERSION.dll
0x00007ff94a130000 - 0x00007ff94a15e000 	C:\WINDOWS\System32\IMM32.DLL
0x00007ff938370000 - 0x00007ff93841a000 	D:\Program Files\Java\jdk-12.0.1\bin\msvcp140.dll
0x00007ff909cb0000 - 0x00007ff90a824000 	D:\Program Files\Java\jdk-12.0.1\bin\server\jvm.dll
0x00007ff948370000 - 0x00007ff948378000 	C:\WINDOWS\System32\PSAPI.DLL
0x00007ff941690000 - 0x00007ff941699000 	C:\WINDOWS\SYSTEM32\WSOCK32.dll
0x00007ff949b70000 - 0x00007ff949bdf000 	C:\WINDOWS\System32\WS2_32.dll
0x00007ff944f20000 - 0x00007ff944f44000 	C:\WINDOWS\SYSTEM32\WINMM.dll
0x00007ff944e10000 - 0x00007ff944e3d000 	C:\WINDOWS\SYSTEM32\WINMMBASE.dll
0x00007ff947390000 - 0x00007ff9473da000 	C:\WINDOWS\System32\cfgmgr32.dll
0x00007ff947120000 - 0x00007ff947131000 	C:\WINDOWS\System32\kernel.appcore.dll
0x00007ff93e980000 - 0x00007ff93e991000 	D:\Program Files\Java\jdk-12.0.1\bin\verify.dll
0x00007ff93d340000 - 0x00007ff93d534000 	C:\WINDOWS\SYSTEM32\DBGHELP.DLL
0x00007ff93d280000 - 0x00007ff93d2aa000 	C:\WINDOWS\SYSTEM32\dbgcore.DLL
0x00007ff93e950000 - 0x00007ff93e976000 	D:\Program Files\Java\jdk-12.0.1\bin\java.dll
0x00007ff93e930000 - 0x00007ff93e947000 	D:\Program Files\Java\jdk-12.0.1\bin\zip.dll
0x00007ff93fe60000 - 0x00007ff93fe6a000 	D:\Program Files\Java\jdk-12.0.1\bin\jimage.dll

dbghelp: loaded successfully - version: 4.0.5 - missing functions: none
symbol engine: initialized successfully - sym options: 0x614 - pdb path: .;D:\Program Files\Java\jdk-12.0.1\bin;C:\WINDOWS\SYSTEM32;C:\WINDOWS\WinSxS\amd64_microsoft.windows.common-controls_6595b64144ccf1df_6.0.18362.1379_none_9e7ff3b3e45cc0c4;D:\Program Files\Java\jdk-12.0.1\bin\server

VM Arguments:
java_command: D:\ALevel hometasks\unit_5_oop\target\surefire\surefirebooter14749343808363833441.jar D:\ALevel hometasks\unit_5_oop\target\surefire\surefire5671337942241219938tmp D:\ALevel hometasks\unit_5_oop\target\surefire\surefire_03587537060685417260tmp
java_class_path (initial): D:\ALevel hometasks\unit_5_oop\target\surefire\surefirebooter14749343808363833441.jar
Launcher Type: SUN_STANDARD

[Global flags]
     intx CICompilerCount                          = 3                                         {product} {ergonomic}
     uint ConcGCThreads                            = 1                                         {product} {ergonomic}
     uint G1ConcRefinementThreads                  = 4                                         {product} {ergonomic}
   size_t G1HeapRegionSize                         = 1048576                                   {product} {ergonomic}
    uintx GCDrainStackTargetSize                   = 64                                        {product} {ergonomic}
   size_t InitialHeapSize                          = 127926272                                 {product} {ergonomic}
   size_t MarkStackSize                            = 4194304                                   {product} {ergonomic}
   size_t MaxHeapSize                              = 2036334592                                {product} {ergonomic}
   size_t MinHeapDeltaBytes                        = 1048576                                   {product} {ergonomic}
    uintx NonNMethodCodeHeapSize                   = 5830732                                {pd product} {ergonomic}
    uintx NonProfiledCodeHeapSize                  = 122913754                              {pd product} {ergonomic}
    uintx ProfiledCodeHeapSize                     = 122913754                              {pd product} {ergonomic}
    uintx ReservedCodeCacheSize                    = 251658240                              {pd product} {ergonomic}
     bool SegmentedCodeCache                       = true                                      {product} {ergonomic}
     bool UseCompressedClassPointers               = true                                 {lp64_product} {ergonomic}
     bool UseCompressedOops                        = true                                 {lp64_product} {ergonomic}
     bool UseG1GC                                  = true                                      {product} {ergonomic}
     bool UseLargePagesIndividualAllocation        = false                                  {pd product} {ergonomic}

Logging:
Log output configuration:
 #0: stdout all=warning uptime,level,tags
 #1: stderr all=off uptime,level,tags

Environment Variables:
JAVA_HOME=D:\Program Files\Java\jdk-12.0.1
CLASSPATH=.;
PATH=D:\Program Files\Java\jdk-12.0.1\bin;C:\Program Files\MySQL\MySQL Shell 8.0\bin\;C:\Users\grink\AppData\Local\Microsoft\WindowsApps;D:\Program Files\IntelliJ IDEA 2019.3\bin;C:\Users\grink\AppData\Roaming\npm;D:\Program Files\Microsoft VS Code\bin;C:\Users\grink\AppData\Local\GitHubDesktop\bin;D:\Program Files\apache-maven-3.6.3\bin;D:\Program Files\Java\jdk-12.0.1;D:\Program Files\Git\bin;D:\Program Files\apache-ant-1.9.15-bin\apache-ant-1.9.15\bin;;D:\Program Files\IntelliJ IDEA Community Edition 2020.3.3\bin;
USERNAME=grink
OS=Windows_NT
PROCESSOR_IDENTIFIER=Intel64 Family 6 Model 58 Stepping 9, GenuineIntel



---------------  S Y S T E M  ---------------

OS: Windows 10 , 64 bit Build 18362 (10.0.18362.1350)

CPU:total 4 (initial active 4) (2 cores per cpu, 2 threads per core) family 6 model 58 stepping 9, cmov, cx8, fxsr, mmx, sse, sse2, sse3, ssse3, sse4.1, sse4.2, popcnt, avx, aes, clmul, erms, ht, tsc, tscinvbit, tscinv

Memory: 4k page, system-wide physical 7767M (1411M free)
TotalPageFile size 12744M (AvailPageFile size 82M)
current process WorkingSet (physical memory assigned to process): 9M, peak: 9M
current process commit charge ("private bytes"): 51M, peak: 173M

vm_info: Java HotSpot(TM) 64-Bit Server VM (12.0.1+12) for windows-amd64 JRE (12.0.1+12), built on Apr  2 2019 14:02:19 by "mach5one" with MS VC++ 15.5 (VS2017)

END.
